<?xml version="1.0" encoding="UTF-8"?>
<!-- Generated by org.testng.reporters.JUnitReportReporter -->
<testsuite hostname="DESKTOP-NQ2L7NS" failures="0" tests="3" name="Youtube.Testng" time="20.510" errors="0" timestamp="2023-05-30T16:51:51 IST" skipped="0">
  <testcase classname="Youtube.Testng" name="test3" time="6.203"/>
  <system-out/>
  <testcase classname="Youtube.Testng" name="test2" time="6.203"/>
  <system-out/>
  <testcase classname="Youtube.Testng" name="test1" time="8.104"/>
  <system-out/>
</testsuite> <!-- Youtube.Testng -->
