<?xml version="1.0" encoding="UTF-8"?>
<!-- Generated by org.testng.reporters.JUnitReportReporter -->
<testsuite hostname="DESKTOP-NQ2L7NS" failures="0" tests="1" name="Frame_Test.ActionClass2" time="10.733" errors="0" timestamp="2023-07-06T13:00:39 IST" skipped="0">
  <testcase classname="Frame_Test.ActionClass2" name="google" time="10.733"/>
  <system-out/>
</testsuite> <!-- Frame_Test.ActionClass2 -->
