<?xml version="1.0" encoding="UTF-8"?>
<!-- Generated by org.testng.reporters.JUnitReportReporter -->
<testsuite hostname="DESKTOP-NQ2L7NS" failures="0" tests="1" name="Youtube.techlistTest" time="17.130" errors="0" timestamp="2023-07-07T16:14:02 IST" skipped="0">
  <testcase classname="Youtube.techlistTest" name="test1" time="17.130"/>
  <system-out/>
</testsuite> <!-- Youtube.techlistTest -->
