<?xml version="1.0" encoding="UTF-8"?>
<!-- Generated by org.testng.reporters.JUnitReportReporter -->
<testsuite hostname="DESKTOP-NQ2L7NS" failures="0" tests="3" name="Testscript.Action" time="28.359" errors="0" timestamp="2023-06-22T15:55:30 IST" skipped="0">
  <testcase classname="Testscript.Action" name="test" time="8.926"/>
  <system-out/>
  <testcase classname="Testscript.Action" name="test3" time="10.600"/>
  <system-out/>
  <testcase classname="Testscript.Action" name="test2" time="8.833"/>
  <system-out/>
</testsuite> <!-- Testscript.Action -->
