<?xml version="1.0" encoding="UTF-8"?>
<!-- Generated by org.testng.reporters.JUnitReportReporter -->
<testsuite hostname="DESKTOP-NQ2L7NS" failures="0" tests="4" name="Youtube.ParallelExec" time="24.477" errors="0" timestamp="2023-06-30T12:23:34 IST" skipped="0">
  <testcase classname="Youtube.ParallelExec" name="test2" time="5.617"/>
  <system-out/>
  <testcase classname="Youtube.ParallelExec" name="test3" time="5.680"/>
  <system-out/>
  <testcase classname="Youtube.ParallelExec" name="test4" time="5.552"/>
  <system-out/>
  <testcase classname="Youtube.ParallelExec" name="test1" time="7.628"/>
  <system-out/>
</testsuite> <!-- Youtube.ParallelExec -->
