<?xml version="1.0" encoding="UTF-8"?>
<!-- Generated by org.testng.reporters.JUnitReportReporter -->
<testsuite skipped="0" hostname="DESKTOP-NQ2L7NS" name="DataDriven.Login_CloudTesla" tests="4" failures="0" timestamp="2023-08-03T12:31:31 IST" time="83.964" errors="0">
  <testcase name="loginaction" time="21.103" classname="DataDriven.Login_CloudTesla"/>
  <system-out/>
  <testcase name="loginaction" time="20.902" classname="DataDriven.Login_CloudTesla"/>
  <system-out/>
  <testcase name="loginaction" time="21.057" classname="DataDriven.Login_CloudTesla"/>
  <system-out/>
  <testcase name="loginaction" time="20.902" classname="DataDriven.Login_CloudTesla"/>
  <system-out/>
</testsuite> <!-- DataDriven.Login_CloudTesla -->
