<?xml version="1.0" encoding="UTF-8"?>
<!-- Generated by org.testng.reporters.JUnitReportReporter -->
<testsuite hostname="DESKTOP-NQ2L7NS" failures="0" tests="1" name="Frame_Test.ActionClass" time="18.780" errors="0" timestamp="2023-07-06T12:29:05 IST" skipped="0">
  <testcase classname="Frame_Test.ActionClass" name="action" time="18.780"/>
  <system-out/>
</testsuite> <!-- Frame_Test.ActionClass -->
