<?xml version="1.0" encoding="UTF-8"?>
<!-- Generated by org.testng.reporters.JUnitReportReporter -->
<testsuite skipped="0" hostname="DESKTOP-NQ2L7NS" name="DataDriven.ExcelData_LoginCT" tests="1" failures="0" timestamp="2023-08-01T12:52:18 IST" time="0.924" errors="0">
  <testcase name="logindata" time="0.924" classname="DataDriven.ExcelData_LoginCT"/>
  <system-out/>
</testsuite> <!-- DataDriven.ExcelData_LoginCT -->
