<?xml version="1.0" encoding="UTF-8"?>
<!-- Generated by org.testng.reporters.JUnitReportReporter -->
<testsuite hostname="DESKTOP-NQ2L7NS" failures="0" tests="10" name="Youtube.Google" time="2.533" errors="0" timestamp="2023-07-06T15:17:33 IST" skipped="0">
  <testcase classname="Youtube.Google" name="test" time="0.152"/>
  <system-out/>
  <testcase classname="Youtube.Google" name="test" time="0.236"/>
  <system-out/>
  <testcase classname="Youtube.Google" name="test" time="0.138"/>
  <system-out/>
  <testcase classname="Youtube.Google" name="test" time="0.109"/>
  <system-out/>
  <testcase classname="Youtube.Google" name="test" time="0.185"/>
  <system-out/>
  <testcase classname="Youtube.Google" name="test" time="0.090"/>
  <system-out/>
  <testcase classname="Youtube.Google" name="test" time="0.128"/>
  <system-out/>
  <testcase classname="Youtube.Google" name="test" time="1.265"/>
  <system-out/>
  <testcase classname="Youtube.Google" name="test" time="0.124"/>
  <system-out/>
  <testcase classname="Youtube.Google" name="test" time="0.106"/>
  <system-out/>
</testsuite> <!-- Youtube.Google -->
