<?xml version="1.0" encoding="UTF-8"?>
<!-- Generated by org.testng.reporters.JUnitReportReporter -->
<testsuite skipped="0" hostname="DESKTOP-NQ2L7NS" name="DataDriven.ExcelData_CloudTesla" tests="1" failures="0" timestamp="2023-07-31T15:45:05 IST" time="0.917" errors="0">
  <testcase name="registerdata" time="0.917" classname="DataDriven.ExcelData_CloudTesla"/>
  <system-out/>
</testsuite> <!-- DataDriven.ExcelData_CloudTesla -->
