<?xml version="1.0" encoding="UTF-8"?>
<!-- Generated by org.testng.reporters.JUnitReportReporter -->
<testsuite skipped="0" hostname="DESKTOP-NQ2L7NS" name="DataDriven.Login_CloudTesla" tests="4" failures="0" timestamp="2023-08-07T17:17:06 IST" time="87.096" errors="0">
  <testcase name="loginaction" time="21.844" classname="DataDriven.Login_CloudTesla"/>
  <system-out/>
  <testcase name="loginaction" time="21.626" classname="DataDriven.Login_CloudTesla"/>
  <system-out/>
  <testcase name="loginaction" time="21.750" classname="DataDriven.Login_CloudTesla"/>
  <system-out/>
  <testcase name="loginaction" time="21.876" classname="DataDriven.Login_CloudTesla"/>
  <system-out/>
</testsuite> <!-- DataDriven.Login_CloudTesla -->
