<?xml version="1.0" encoding="UTF-8"?>
<!-- Generated by org.testng.reporters.JUnitReportReporter -->
<testsuite hostname="DESKTOP-NQ2L7NS" failures="0" tests="2" name="Frame_Test.ActionClass3" time="17.725" errors="0" timestamp="2023-07-06T12:29:05 IST" skipped="0">
  <testcase classname="Frame_Test.ActionClass3" name="learnmore" time="9.834"/>
  <system-out/>
  <testcase classname="Frame_Test.ActionClass3" name="learnmore" time="7.891"/>
  <system-out/>
</testsuite> <!-- Frame_Test.ActionClass3 -->
