<?xml version="1.0" encoding="UTF-8"?>
<!-- Generated by org.testng.reporters.JUnitReportReporter -->
<testsuite hostname="DESKTOP-NQ2L7NS" failures="0" tests="1" name="Youtube.Practice" time="16.108" errors="0" timestamp="2023-07-05T18:14:01 IST" skipped="0">
  <testcase classname="Youtube.Practice" name="frame" time="16.108"/>
  <system-out/>
</testsuite> <!-- Youtube.Practice -->
